2023-02-06 13:08:15.9717|TRACE|Performance.RuntimePluginScanner|00:00:00.0655293 Loaded plugins (581).
2023-02-06 13:08:16.1714|TRACE|Performance.DatabaseUpdate|00:00:00.5959498 Modules and plugins registered.
2023-02-06 13:08:16.3178|TRACE|Performance.DataMigrationScriptsFile|00:00:00.1326858 Loaded 12 scripts from generated file.
2023-02-06 13:08:16.3598|TRACE|Performance.DatabaseModelFile|00:00:00.0404688 Load.
2023-02-06 13:08:17.3443|TRACE|Performance.DatabaseAnalysis|00:00:00.0365014 Loaded old concept applications.
2023-02-06 13:08:17.3443|TRACE|Performance.DatabaseAnalysis|00:00:00.0077171 Got new concept applications.
2023-02-06 13:08:17.3443|TRACE|Performance.DatabaseAnalysis|00:00:00.0047019 Match new and old concept applications.
2023-02-06 13:08:17.3443|TRACE|Performance.DatabaseAnalysis|00:00:00.0004420 Verify new concept applications' integrity.
2023-02-06 13:08:17.3870|TRACE|Performance.DatabaseAnalysis|00:00:00.0297525 Removed unused concept applications.
2023-02-06 13:08:17.4023|TRACE|Performance.DatabaseAnalysis|00:00:00.0152991 Analyzed differences in database structure.
2023-02-06 13:08:17.4023|TRACE|Performance.DatabaseGenerator|00:00:00.0947907 Database diff analysis.
2023-02-06 13:08:17.4066|TRACE|Performance.DatabaseGenerator|00:00:00.0042343 Log analysis results.
2023-02-06 13:08:17.4066|TRACE|Performance.DatabaseGenerator|00:00:00.0036341 ApplyChangesToDatabase: Prepared SQL scripts for removing concept applications.
2023-02-06 13:08:17.4066|TRACE|Performance.DatabaseGenerator|00:00:00.0077149 ApplyChangesToDatabase: Prepared SQL scripts for updating unchanged concept applications' metadata.
2023-02-06 13:08:17.4201|TRACE|Performance.DatabaseGenerator|00:00:00.0019407 ApplyChangesToDatabase: Prepared SQL scripts for inserting concept applications.
2023-02-06 13:08:17.4201|TRACE|Performance.DatabaseGenerator|00:00:00.0002061 ApplyChangesToDatabase: Executed 0 SQL scripts.
2023-02-06 13:08:17.4201|TRACE|Performance.DatabaseGenerator|00:00:00.0142146 Applied changes to database.
2023-02-06 13:08:17.4201|TRACE|Performance.DatabaseGenerator|00:00:00.0114083 Verified integrity of saved concept applications metadata.
2023-02-06 13:08:17.4201|TRACE|Performance.DatabaseGenerator|00:00:00.1247792 UpdateDatabaseStructure
2023-02-06 13:08:17.5306|TRACE|Performance.RuntimePluginScanner|00:00:00.0289190 Loaded plugins (581).
2023-02-06 13:08:17.8018|TRACE|Performance.MetadataWorkspaceFileProvider|00:00:00.0373218 Checked if ProviderManifestToken is set.
2023-02-06 13:08:17.8018|TRACE|Performance.MetadataWorkspaceFileProvider|00:00:00.0030198 Initialized ServerDomEdm.ssdl.
2023-02-06 13:08:18.1821|TRACE|Performance.MetadataWorkspaceFileProvider|00:00:00.3771830 Load EDM files.
2023-02-06 13:08:18.2526|TRACE|Performance.EfMappingViewsInitializer|00:00:00.4884406 Calculated hash for current model.
2023-02-06 13:08:18.5894|TRACE|Performance.DslModelFile|00:00:00.3347460 Load.
2023-02-06 13:08:18.7249|TRACE|Performance.DslModelFile|00:00:00.4703751 Initialize (1264 concepts).
2023-02-06 13:08:18.7423|TRACE|Performance.EfMappingViewsInitializer|00:00:00.4896349 Calculated additional hash.
2023-02-06 13:08:18.7496|TRACE|Performance.EfMappingViewsFileStore|00:00:00.0069000 Loaded and deserialized views from 'C:\Users\jpreksavec\source\repos\Bookstore\src\Bookstore.Service\bin\Debug\net7.0\EfMappingGeneratedViews.json'.
2023-02-06 13:08:18.7752|TRACE|Performance.ApplicationInitialization|00:00:01.3029009 New modules and plugins registered.
2023-02-06 13:08:18.7996|TRACE|Performance.ClaimGenerator|00:00:00.0217059 Generate new claims.
2023-02-06 13:08:18.7996|TRACE|Performance.GenericRepository(Common.Claim)|00:00:00.0005437 InsertOrUpdateOrDeleteOrDeactivate: Initialize new items (241)
2023-02-06 13:08:19.1536|TRACE|Performance.EfMappingViewsFileStore|00:00:00.0007957 Loaded and deserialized views from 'C:\Users\jpreksavec\source\repos\Bookstore\src\Bookstore.Service\bin\Debug\net7.0\EfMappingGeneratedViews.json'.
2023-02-06 13:08:19.3208|TRACE|Performance.GenericRepository(Common.Claim)|00:00:00.5172584 InsertOrUpdateOrDeleteOrDeactivate: Load old items (241)
2023-02-06 13:08:19.3208|TRACE|Performance.GenericRepository(Common.Claim)|00:00:00.0043297 InsertOrUpdateOrDeleteOrDeactivate: Diff (241 new items, 241 old items, 0 to insert, 0 to update, 0 to delete)
2023-02-06 13:08:19.4308|TRACE|Performance.GenericRepository(Common.Claim)|00:00:00.1046837 InsertOrUpdateOrDeleteOrDeactivate: Deactivate (0 to deactivate, 0 already deactivated)
2023-02-06 13:08:19.4423|TRACE|Performance.GenericRepository(Common.Claim)|00:00:00.0109706 InsertOrUpdateOrDeleteOrDeactivate: Save (241 new items, 241 old items, 0 to insert, 0 to update, 0 to delete)
2023-02-06 13:08:19.4423|TRACE|Performance.ClaimGenerator|00:00:00.6426696 Save claims.
2023-02-06 13:08:19.4670|TRACE|Performance.KeepSynchronizedRecomputeOnDeploy|00:00:00.0196470 Load metadata.
2023-02-06 13:08:19.4670|TRACE|Performance.KeepSynchronizedRecomputeOnDeploy|00:00:00.0016696 Save metadata.
